<?xml version="1.0" encoding="UTF-8"?>
<testsuite xmlns:xsi="http://www.w3.org/2001/XMLSchema-instance" xsi:noNamespaceSchemaLocation="https://maven.apache.org/surefire/maven-surefire-plugin/xsd/surefire-test-report-3.0.xsd" version="3.0" name="com.example.config_server.ConfigServerApplicationTests" time="4.912" tests="1" errors="0" skipped="0" failures="0">
  <properties>
[...]
</properties>
  <testcase name="contextLoads" classname="com.example.config_server.ConfigServerApplicationTests" time="0.688">
    <system-out><![CDATA[22:11:12.560 [main] INFO org.springframework.test.context.support.AnnotationConfigContextLoaderUtils -- Could not detect default configuration classes for test class [com.example.config_server.ConfigServerApplicationTests]: ConfigServerApplicationTests does not declare any static, non-private, non-final, nested classes annotated with @Configuration.
22:11:12.640 [main] INFO org.springframework.boot.test.context.SpringBootTestContextBootstrapper -- Found @SpringBootConfiguration com.example.config_server.ConfigServerApplication for test class com.example.config_server.ConfigServerApplicationTests

  .   ____          _            __ _ _
 /\\ / ___'_ __ _ _(_)_ __  __ _ \ \ \ \
( ( )\___ | '_ | '_| | '_ \/ _` | \ \ \ \
 \\/  ___)| |_)| | | | | || (_| |  ) ) ) )
  '  |____| .__|_| |_|_| |_\__, | / / / /
 =========|_|==============|___/=/_/_/_/
 :: Spring Boot ::                (v3.2.0)

2024-12-22T22:11:13.167+01:00  INFO 24448 --- [config-server] [           main] c.e.c.ConfigServerApplicationTests       : Starting ConfigServerApplicationTests using Java 17.0.12 with PID 24448 (started by aroua in D:\IGL5\Microservices\TPs\Tp3Microservices-master\services\config-server)
2024-12-22T22:11:13.168+01:00  INFO 24448 --- [config-server] [           main] c.e.c.ConfigServerApplicationTests       : No active profile set, falling back to 1 default profile: "default"
2024-12-22T22:11:13.923+01:00  INFO 24448 --- [config-server] [           main] o.s.cloud.context.scope.GenericScope     : BeanFactory id=93c248dc-1028-370d-945e-e39de25cea82
2024-12-22T22:11:16.643+01:00  INFO 24448 --- [config-server] [           main] c.e.c.ConfigServerApplicationTests       : Started ConfigServerApplicationTests in 3.868 seconds (process running for 4.658)
]]></system-out>
  </testcase>
</testsuite>